C51 COMPILER V9.03   UART_INT                                                              06/19/2012 10:21:30 PAGE 1   


C51 COMPILER V9.03, COMPILATION OF MODULE UART_INT
OBJECT MODULE PLACED IN .\DP8051_Keil_903\Debug\UART_INT.obj
COMPILER INVOKED BY: C:\Program Files (x86)\Cypress\PSoC Creator\2.1\PSoC Creator\import\keil\pk51\9.03\C51\BIN\c51.exe 
                    -.\Generated_Source\PSoC3\UART_INT.c NOIV LARGE MODDP2 OMF2 VB(1) PR(.\DP8051_Keil_903\Debug\UART_INT.lst) CD DB NOIP OT(
                    -0,SIZE) INCDIR(Generated_Source\PSoC3) OJ(.\DP8051_Keil_903\Debug\UART_INT.obj)

line level    source

   1          /*******************************************************************************
   2          * File Name: UART_INT.c
   3          * Version 2.20
   4          *
   5          * Description:
   6          *  This file provides all Interrupt Service functionality of the UART component
   7          *
   8          * Note:
   9          *  Any unusual or non-standard behavior should be noted here. Other-
  10          *  wise, this section should remain blank.
  11          *
  12          ********************************************************************************
  13          * Copyright 2008-2012, Cypress Semiconductor Corporation.  All rights reserved.
  14          * You may use this file only in accordance with the license, terms, conditions, 
  15          * disclaimers, and limitations in the end user license agreement accompanying 
  16          * the software package with which this file was provided.
  17          *******************************************************************************/
  18          
  19          #include "UART.h"
  20          #include "CyLib.h"
  21          
  22          
  23          /***************************************
  24          * Custom Declratations
  25          ***************************************/
  26          /* `#START CUSTOM_DECLARATIONS` Place your declaration here */
  27          
  28          /* `#END` */
  29          
  30          #if( (UART_RX_ENABLED || UART_HD_ENABLED) && \
  31               (UART_RXBUFFERSIZE > UART_FIFO_LENGTH))
              
                  extern volatile uint8 UART_rxBuffer[];
                  extern volatile uint8 UART_rxBufferRead;
                  extern volatile uint8 UART_rxBufferWrite;
                  extern volatile uint8 UART_rxBufferLoopDetect;
                  extern volatile uint8 UART_rxBufferOverflow;
                  #if (UART_RXHW_ADDRESS_ENABLED)
                      extern volatile uint8 UART_rxAddressMode;
                      extern volatile uint8 UART_rxAddressDetected;
                  #endif /* End EnableHWAddress */    
              
                  /*******************************************************************************
                  * Function Name: UART_RXISR
                  ********************************************************************************
                  *
                  * Summary:
                  *  Interrupt Service Routine for RX portion of the UART
                  *
                  * Parameters:
                  *  None.
                  *
                  * Return:
C51 COMPILER V9.03   UART_INT                                                              06/19/2012 10:21:30 PAGE 2   

                  *  None.
                  *
                  * Global Variables:
                  *  UART_rxBuffer - RAM buffer pointer for save received data.
                  *  UART_rxBufferWrite - cyclic index for write to rxBuffer, 
                  *     increments after each byte saved to buffer.
                  *  UART_rxBufferRead - cyclic index for read from rxBuffer, 
                  *     checked to detect overflow condition.
                  *  UART_rxBufferOverflow - software overflow flag. Set to one
                  *     when UART_rxBufferWrite index overtakes 
                  *     UART_rxBufferRead index.
                  *  UART_rxBufferLoopDetect - additional variable to detect overflow.
                  *     Set to one when UART_rxBufferWrite is equal to 
                  *    UART_rxBufferRead
                  *  UART_rxAddressMode - this variable contains the Address mode, 
                  *     selected in customizer or set by UART_SetRxAddressMode() API.
                  *  UART_rxAddressDetected - set to 1 when correct address received,
                  *     and analysed to store following addressed data bytes to the buffer.
                  *     When not correct address received, set to 0 to skip following data bytes.
                  *
                  *******************************************************************************/
                  CY_ISR(UART_RXISR)
                  {
                      uint8 readData;
                      uint8 increment_pointer = 0u;
              
                      /* User code required at start of ISR */
                      /* `#START UART_RXISR_START` */
              
                      /* `#END` */
              
                      readData = UART_RXSTATUS_REG;
              
                      if((readData & (UART_RX_STS_BREAK | UART_RX_STS_PAR_ERROR |
                                      UART_RX_STS_STOP_ERROR | UART_RX_STS_OVERRUN)) != 0u)
                      {
                          /* ERROR handling. */
                          /* `#START UART_RXISR_ERROR` */
              
                          /* `#END` */
                      }
              
                      while(readData & UART_RX_STS_FIFO_NOTEMPTY)
                      {
                          
                          #if (UART_RXHW_ADDRESS_ENABLED)
                              if(UART_rxAddressMode == UART__B_UART__AM_SW_DETECT_TO_BUFFER) 
                              {
                                  if((readData & UART_RX_STS_MRKSPC) != 0u)
                                  {  
                                      if ((readData & UART_RX_STS_ADDR_MATCH) != 0u)
                                      {
                                          UART_rxAddressDetected = 1u;
                                      }
                                      else
                                      {
                                          UART_rxAddressDetected = 0u;
                                      }
                                  }
              
                                  readData = UART_RXDATA_REG;
                                  if(UART_rxAddressDetected != 0u)
C51 COMPILER V9.03   UART_INT                                                              06/19/2012 10:21:30 PAGE 3   

                                  {   /* store only addressed data */
                                      UART_rxBuffer[UART_rxBufferWrite] = readData;
                                      increment_pointer = 1u;
                                  }
                              }
                              else /* without software addressing */
                              {
                                  UART_rxBuffer[UART_rxBufferWrite] = UART_RXDATA_REG;
                                  increment_pointer = 1u;
                              }
                          #else  /* without addressing */
                              UART_rxBuffer[UART_rxBufferWrite] = UART_RXDATA_REG;
                              increment_pointer = 1u;
                          #endif /* End SW_DETECT_TO_BUFFER */
                          
                          /* do not increment buffer pointer when skip not adderessed data */
                          if( increment_pointer != 0u )
                          {
                              if(UART_rxBufferLoopDetect)
                              {   /* Set Software Buffer status Overflow */
                                  UART_rxBufferOverflow = 1u;
                              }
                              /* Set next pointer. */
                              UART_rxBufferWrite++;
              
                              /* Check pointer for a loop condition */
                              if(UART_rxBufferWrite >= UART_RXBUFFERSIZE)
                              {
                                  UART_rxBufferWrite = 0u;
                              }
                              /* Detect pre-overload condition and set flag */
                              if(UART_rxBufferWrite == UART_rxBufferRead)
                              {
                                  UART_rxBufferLoopDetect = 1u;
                                  /* When Hardware Flow Control selected */
                                  #if(UART_FLOW_CONTROL != 0u)
                                  /* Disable RX interrupt mask, it will be enabled when user read data from the buffer u
             -sing APIs */
                                      UART_RXSTATUS_MASK_REG  &= ~UART_RX_STS_FIFO_NOTEMPTY;
                                      CyIntClearPending(UART_RX_VECT_NUM); 
                                      break; /* Break the reading of the FIFO loop, leave the data there for generating 
             -RTS signal */
                                  #endif /* End UART_FLOW_CONTROL != 0 */    
                              }
                          }
              
                          /* Check again if there is data. */
                          readData = UART_RXSTATUS_REG;
                      }
              
                      /* User code required at end of ISR (Optional) */
                      /* `#START UART_RXISR_END` */
              
                      /* `#END` */
              
                  }
              
              #endif /* End UART_RX_ENABLED && (UART_RXBUFFERSIZE > UART_FIFO_LENGTH) */
 172          
 173          
 174          #if(UART_TX_ENABLED && (UART_TXBUFFERSIZE > UART_FIFO_LENGTH))
              
C51 COMPILER V9.03   UART_INT                                                              06/19/2012 10:21:30 PAGE 4   

                  extern volatile uint8 UART_txBuffer[];
                  extern volatile uint8 UART_txBufferRead;
                  extern uint8 UART_txBufferWrite;
              
              
                  /*******************************************************************************
                  * Function Name: UART_TXISR
                  ********************************************************************************
                  *
                  * Summary:
                  * Interrupt Service Routine for the TX portion of the UART
                  *
                  * Parameters:
                  *  None.
                  *
                  * Return:
                  *  None.
                  *
                  * Global Variables:
                  *  UART_txBuffer - RAM buffer pointer for transmit data from.
                  *  UART_txBufferRead - cyclic index for read and transmit data 
                  *     from txBuffer, increments after each transmited byte.
                  *  UART_rxBufferWrite - cyclic index for write to txBuffer, 
                  *     checked to detect available for transmission bytes.
                  *
                  *******************************************************************************/
                  CY_ISR(UART_TXISR)
                  {
              
                      /* User code required at start of ISR */
                      /* `#START UART_TXISR_START` */
              
                      /* `#END` */
              
                      while((UART_txBufferRead != UART_txBufferWrite) && \
                           !(UART_TXSTATUS_REG & UART_TX_STS_FIFO_FULL))
                      {
                          /* Check pointer. */
                          if(UART_txBufferRead >= UART_TXBUFFERSIZE)
                          {
                              UART_txBufferRead = 0u;
                          }
              
                          UART_TXDATA_REG = UART_txBuffer[UART_txBufferRead];
              
                          /* Set next pointer. */
                          UART_txBufferRead++;
                      }
              
                      /* User code required at end of ISR (Optional) */
                      /* `#START UART_TXISR_END` */
              
                      /* `#END` */
                      
                  }
              
              #endif /* End UART_TX_ENABLED && (UART_TXBUFFERSIZE > UART_FIFO_LENGTH) */
 233          
 234          
 235          /* [] END OF FILE */
C51 COMPILER V9.03   UART_INT                                                              06/19/2012 10:21:30 PAGE 5   

ASSEMBLY LISTING OF GENERATED OBJECT CODE




MODULE INFORMATION:   STATIC OVERLAYABLE
   CODE SIZE        =   ----    ----
   CONSTANT SIZE    =   ----    ----
   XDATA SIZE       =   ----    ----
   PDATA SIZE       =   ----    ----
   DATA SIZE        =   ----    ----
   IDATA SIZE       =   ----    ----
   BIT SIZE         =   ----    ----
   EDATA SIZE       =   ----    ----
   HDATA SIZE       =   ----    ----
   XDATA CONST SIZE =   ----    ----
   FAR CONST SIZE   =   ----    ----
END OF MODULE INFORMATION.


C51 COMPILATION COMPLETE.  0 WARNING(S),  0 ERROR(S)
